<?xml version="1.0" encoding="utf-8" ?>
<!DOCTYPE html PUBLIC "-//W3C//DTD XHTML 1.0 Strict//EN"
        "http://www.w3.org/TR/xhtml1/DTD/xhtml1-strict.dtd">
<html xmlns="http://www.w3.org/1999/xhtml" xml:lang="" lang="">
<head>
  <title>Test Results Report - Open Account Test</title>
  <meta http-equiv="Content-Type" content="text/html;charset=utf-8" />
  <meta name="description" content="TestNG unit test results." />
  <link href="reportng.css" rel="stylesheet" type="text/css" />
    <script type="text/javascript" src="reportng.js"></script>
</head>
<body>
<h1>Open Account Test</h1>
<p>
  Test duration: 20.477s
</p>

  <table class="resultsTable configTable">
    <tr><th colspan="3" class="header failedConfig">Failed Configuration</th></tr>
              <tr class="group">
        <td colspan="3">com.w2a.testcases.OpenAccountTest</td>
      </tr>
            
<tr>
  <td class="method">
                  setUp
      </td>
  <td class="duration">
    20.477s
  </td>
  <td class="result">
        
    
        

        <a href="javascript:toggleElement('exception-0', 'block')" title="Click to expand/collapse"><b>org.openqa.selenium.remote.UnreachableBrowserException: Could not start a new session. Possible causes are invalid address of the remote server or browser start-up failure.<br/>
Build info: version: &apos;2.53.1&apos;, revision: &apos;a36b8b1cd5757287168e54b817830adce9b0158d&apos;, time: &apos;2016-06-30 19:26:09&apos;<br/>
System info: host: &apos;Nazmuls-MacBook-Pro.local&apos;, ip: &apos;192.168.1.5&apos;, os.name: &apos;Mac OS X&apos;, os.arch: &apos;x86_64&apos;, os.version: &apos;10.13.4&apos;, java.version: &apos;1.8.0_131&apos;<br/>
Driver info: driver.version: ChromeDriver</b></a><br />
    <div class="stackTrace" id="exception-0">
              org.openqa.selenium.remote.RemoteWebDriver.execute(RemoteWebDriver.java:665)<br />
              org.openqa.selenium.remote.RemoteWebDriver.startSession(RemoteWebDriver.java:249)<br />
              org.openqa.selenium.remote.RemoteWebDriver.&lt;init&gt;(RemoteWebDriver.java:131)<br />
              org.openqa.selenium.remote.RemoteWebDriver.&lt;init&gt;(RemoteWebDriver.java:144)<br />
              org.openqa.selenium.chrome.ChromeDriver.&lt;init&gt;(ChromeDriver.java:170)<br />
              org.openqa.selenium.chrome.ChromeDriver.&lt;init&gt;(ChromeDriver.java:159)<br />
              org.openqa.selenium.chrome.ChromeDriver.&lt;init&gt;(ChromeDriver.java:116)<br />
              com.w2a.base.TestBase.setUp(TestBase.java:112)<br />
              sun.reflect.NativeMethodAccessorImpl.invoke0(Native Method)<br />
              sun.reflect.NativeMethodAccessorImpl.invoke(NativeMethodAccessorImpl.java:62)<br />
              sun.reflect.DelegatingMethodAccessorImpl.invoke(DelegatingMethodAccessorImpl.java:43)<br />
              java.lang.reflect.Method.invoke(Method.java:498)<br />
              org.testng.internal.MethodInvocationHelper.invokeMethod(MethodInvocationHelper.java:108)<br />
              org.testng.internal.Invoker.invokeConfigurationMethod(Invoker.java:523)<br />
              org.testng.internal.Invoker.invokeConfigurations(Invoker.java:224)<br />
              org.testng.internal.Invoker.invokeConfigurations(Invoker.java:146)<br />
              org.testng.SuiteRunner.privateRun(SuiteRunner.java:326)<br />
              org.testng.SuiteRunner.run(SuiteRunner.java:289)<br />
              org.testng.SuiteRunnerWorker.runSuite(SuiteRunnerWorker.java:52)<br />
              org.testng.SuiteRunnerWorker.run(SuiteRunnerWorker.java:86)<br />
              org.testng.TestNG.runSuitesSequentially(TestNG.java:1301)<br />
              org.testng.TestNG.runSuitesLocally(TestNG.java:1226)<br />
              org.testng.TestNG.runSuites(TestNG.java:1144)<br />
              org.testng.TestNG.run(TestNG.java:1115)<br />
              org.testng.remote.AbstractRemoteTestNG.run(AbstractRemoteTestNG.java:114)<br />
              org.testng.remote.RemoteTestNG.initAndRun(RemoteTestNG.java:251)<br />
              org.testng.remote.RemoteTestNG.main(RemoteTestNG.java:77)<br />
                    <b>Caused by: </b> <a href="javascript:toggleElement('exception-1', 'block')" title="Click to expand/collapse">org.openqa.selenium.WebDriverException: Timed out waiting for driver server to start.<br/>
Build info: version: &apos;2.53.1&apos;, revision: &apos;a36b8b1cd5757287168e54b817830adce9b0158d&apos;, time: &apos;2016-06-30 19:26:09&apos;<br/>
System info: host: &apos;Nazmuls-MacBook-Pro.local&apos;, ip: &apos;192.168.1.5&apos;, os.name: &apos;Mac OS X&apos;, os.arch: &apos;x86_64&apos;, os.version: &apos;10.13.4&apos;, java.version: &apos;1.8.0_131&apos;<br/>
Driver info: driver.version: ChromeDriver</a><br />
        <div class="stackTrace" id="exception-1">
                      org.openqa.selenium.remote.service.DriverService.waitUntilAvailable(DriverService.java:178)<br />
                      org.openqa.selenium.remote.service.DriverService.start(DriverService.java:166)<br />
                      org.openqa.selenium.remote.service.DriverCommandExecutor.execute(DriverCommandExecutor.java:78)<br />
                      org.openqa.selenium.remote.RemoteWebDriver.execute(RemoteWebDriver.java:644)<br />
                      org.openqa.selenium.remote.RemoteWebDriver.startSession(RemoteWebDriver.java:249)<br />
                      org.openqa.selenium.remote.RemoteWebDriver.&lt;init&gt;(RemoteWebDriver.java:131)<br />
                      org.openqa.selenium.remote.RemoteWebDriver.&lt;init&gt;(RemoteWebDriver.java:144)<br />
                      org.openqa.selenium.chrome.ChromeDriver.&lt;init&gt;(ChromeDriver.java:170)<br />
                      org.openqa.selenium.chrome.ChromeDriver.&lt;init&gt;(ChromeDriver.java:159)<br />
                      org.openqa.selenium.chrome.ChromeDriver.&lt;init&gt;(ChromeDriver.java:116)<br />
                      com.w2a.base.TestBase.setUp(TestBase.java:112)<br />
                      sun.reflect.NativeMethodAccessorImpl.invoke0(Native Method)<br />
                      sun.reflect.NativeMethodAccessorImpl.invoke(NativeMethodAccessorImpl.java:62)<br />
                      sun.reflect.DelegatingMethodAccessorImpl.invoke(DelegatingMethodAccessorImpl.java:43)<br />
                      java.lang.reflect.Method.invoke(Method.java:498)<br />
                      org.testng.internal.MethodInvocationHelper.invokeMethod(MethodInvocationHelper.java:108)<br />
                      org.testng.internal.Invoker.invokeConfigurationMethod(Invoker.java:523)<br />
                      org.testng.internal.Invoker.invokeConfigurations(Invoker.java:224)<br />
                      org.testng.internal.Invoker.invokeConfigurations(Invoker.java:146)<br />
                      org.testng.SuiteRunner.privateRun(SuiteRunner.java:326)<br />
                      org.testng.SuiteRunner.run(SuiteRunner.java:289)<br />
                      org.testng.SuiteRunnerWorker.runSuite(SuiteRunnerWorker.java:52)<br />
                      org.testng.SuiteRunnerWorker.run(SuiteRunnerWorker.java:86)<br />
                      org.testng.TestNG.runSuitesSequentially(TestNG.java:1301)<br />
                      org.testng.TestNG.runSuitesLocally(TestNG.java:1226)<br />
                      org.testng.TestNG.runSuites(TestNG.java:1144)<br />
                      org.testng.TestNG.run(TestNG.java:1115)<br />
                      org.testng.remote.AbstractRemoteTestNG.run(AbstractRemoteTestNG.java:114)<br />
                      org.testng.remote.RemoteTestNG.initAndRun(RemoteTestNG.java:251)<br />
                      org.testng.remote.RemoteTestNG.main(RemoteTestNG.java:77)<br />
                  </div>
              <b>Caused by: </b> <a href="javascript:toggleElement('exception-2', 'block')" title="Click to expand/collapse">org.openqa.selenium.net.UrlChecker$TimeoutException: Timed out waiting for [http://localhost:37823/status] to be available after 20003 ms</a><br />
        <div class="stackTrace" id="exception-2">
                      org.openqa.selenium.net.UrlChecker.waitUntilAvailable(UrlChecker.java:107)<br />
                      org.openqa.selenium.remote.service.DriverService.waitUntilAvailable(DriverService.java:175)<br />
                      org.openqa.selenium.remote.service.DriverService.start(DriverService.java:166)<br />
                      org.openqa.selenium.remote.service.DriverCommandExecutor.execute(DriverCommandExecutor.java:78)<br />
                      org.openqa.selenium.remote.RemoteWebDriver.execute(RemoteWebDriver.java:644)<br />
                      org.openqa.selenium.remote.RemoteWebDriver.startSession(RemoteWebDriver.java:249)<br />
                      org.openqa.selenium.remote.RemoteWebDriver.&lt;init&gt;(RemoteWebDriver.java:131)<br />
                      org.openqa.selenium.remote.RemoteWebDriver.&lt;init&gt;(RemoteWebDriver.java:144)<br />
                      org.openqa.selenium.chrome.ChromeDriver.&lt;init&gt;(ChromeDriver.java:170)<br />
                      org.openqa.selenium.chrome.ChromeDriver.&lt;init&gt;(ChromeDriver.java:159)<br />
                      org.openqa.selenium.chrome.ChromeDriver.&lt;init&gt;(ChromeDriver.java:116)<br />
                      com.w2a.base.TestBase.setUp(TestBase.java:112)<br />
                      sun.reflect.NativeMethodAccessorImpl.invoke0(Native Method)<br />
                      sun.reflect.NativeMethodAccessorImpl.invoke(NativeMethodAccessorImpl.java:62)<br />
                      sun.reflect.DelegatingMethodAccessorImpl.invoke(DelegatingMethodAccessorImpl.java:43)<br />
                      java.lang.reflect.Method.invoke(Method.java:498)<br />
                      org.testng.internal.MethodInvocationHelper.invokeMethod(MethodInvocationHelper.java:108)<br />
                      org.testng.internal.Invoker.invokeConfigurationMethod(Invoker.java:523)<br />
                      org.testng.internal.Invoker.invokeConfigurations(Invoker.java:224)<br />
                      org.testng.internal.Invoker.invokeConfigurations(Invoker.java:146)<br />
                      org.testng.SuiteRunner.privateRun(SuiteRunner.java:326)<br />
                      org.testng.SuiteRunner.run(SuiteRunner.java:289)<br />
                      org.testng.SuiteRunnerWorker.runSuite(SuiteRunnerWorker.java:52)<br />
                      org.testng.SuiteRunnerWorker.run(SuiteRunnerWorker.java:86)<br />
                      org.testng.TestNG.runSuitesSequentially(TestNG.java:1301)<br />
                      org.testng.TestNG.runSuitesLocally(TestNG.java:1226)<br />
                      org.testng.TestNG.runSuites(TestNG.java:1144)<br />
                      org.testng.TestNG.run(TestNG.java:1115)<br />
                      org.testng.remote.AbstractRemoteTestNG.run(AbstractRemoteTestNG.java:114)<br />
                      org.testng.remote.RemoteTestNG.initAndRun(RemoteTestNG.java:251)<br />
                      org.testng.remote.RemoteTestNG.main(RemoteTestNG.java:77)<br />
                  </div>
              <b>Caused by: </b> <a href="javascript:toggleElement('exception-3', 'block')" title="Click to expand/collapse">com.google.common.util.concurrent.UncheckedTimeoutException: java.util.concurrent.TimeoutException</a><br />
        <div class="stackTrace" id="exception-3">
                      com.google.common.util.concurrent.SimpleTimeLimiter.callWithTimeout(SimpleTimeLimiter.java:143)<br />
                      org.openqa.selenium.net.UrlChecker.waitUntilAvailable(UrlChecker.java:80)<br />
                      org.openqa.selenium.remote.service.DriverService.waitUntilAvailable(DriverService.java:175)<br />
                      org.openqa.selenium.remote.service.DriverService.start(DriverService.java:166)<br />
                      org.openqa.selenium.remote.service.DriverCommandExecutor.execute(DriverCommandExecutor.java:78)<br />
                      org.openqa.selenium.remote.RemoteWebDriver.execute(RemoteWebDriver.java:644)<br />
                      org.openqa.selenium.remote.RemoteWebDriver.startSession(RemoteWebDriver.java:249)<br />
                      org.openqa.selenium.remote.RemoteWebDriver.&lt;init&gt;(RemoteWebDriver.java:131)<br />
                      org.openqa.selenium.remote.RemoteWebDriver.&lt;init&gt;(RemoteWebDriver.java:144)<br />
                      org.openqa.selenium.chrome.ChromeDriver.&lt;init&gt;(ChromeDriver.java:170)<br />
                      org.openqa.selenium.chrome.ChromeDriver.&lt;init&gt;(ChromeDriver.java:159)<br />
                      org.openqa.selenium.chrome.ChromeDriver.&lt;init&gt;(ChromeDriver.java:116)<br />
                      com.w2a.base.TestBase.setUp(TestBase.java:112)<br />
                      sun.reflect.NativeMethodAccessorImpl.invoke0(Native Method)<br />
                      sun.reflect.NativeMethodAccessorImpl.invoke(NativeMethodAccessorImpl.java:62)<br />
                      sun.reflect.DelegatingMethodAccessorImpl.invoke(DelegatingMethodAccessorImpl.java:43)<br />
                      java.lang.reflect.Method.invoke(Method.java:498)<br />
                      org.testng.internal.MethodInvocationHelper.invokeMethod(MethodInvocationHelper.java:108)<br />
                      org.testng.internal.Invoker.invokeConfigurationMethod(Invoker.java:523)<br />
                      org.testng.internal.Invoker.invokeConfigurations(Invoker.java:224)<br />
                      org.testng.internal.Invoker.invokeConfigurations(Invoker.java:146)<br />
                      org.testng.SuiteRunner.privateRun(SuiteRunner.java:326)<br />
                      org.testng.SuiteRunner.run(SuiteRunner.java:289)<br />
                      org.testng.SuiteRunnerWorker.runSuite(SuiteRunnerWorker.java:52)<br />
                      org.testng.SuiteRunnerWorker.run(SuiteRunnerWorker.java:86)<br />
                      org.testng.TestNG.runSuitesSequentially(TestNG.java:1301)<br />
                      org.testng.TestNG.runSuitesLocally(TestNG.java:1226)<br />
                      org.testng.TestNG.runSuites(TestNG.java:1144)<br />
                      org.testng.TestNG.run(TestNG.java:1115)<br />
                      org.testng.remote.AbstractRemoteTestNG.run(AbstractRemoteTestNG.java:114)<br />
                      org.testng.remote.RemoteTestNG.initAndRun(RemoteTestNG.java:251)<br />
                      org.testng.remote.RemoteTestNG.main(RemoteTestNG.java:77)<br />
                  </div>
              <b>Caused by: </b> <a href="javascript:toggleElement('exception-4', 'block')" title="Click to expand/collapse">java.util.concurrent.TimeoutException</a><br />
        <div class="stackTrace" id="exception-4">
                      java.util.concurrent.FutureTask.get(FutureTask.java:205)<br />
                      com.google.common.util.concurrent.SimpleTimeLimiter.callWithTimeout(SimpleTimeLimiter.java:130)<br />
                      org.openqa.selenium.net.UrlChecker.waitUntilAvailable(UrlChecker.java:80)<br />
                      org.openqa.selenium.remote.service.DriverService.waitUntilAvailable(DriverService.java:175)<br />
                      org.openqa.selenium.remote.service.DriverService.start(DriverService.java:166)<br />
                      org.openqa.selenium.remote.service.DriverCommandExecutor.execute(DriverCommandExecutor.java:78)<br />
                      org.openqa.selenium.remote.RemoteWebDriver.execute(RemoteWebDriver.java:644)<br />
                      org.openqa.selenium.remote.RemoteWebDriver.startSession(RemoteWebDriver.java:249)<br />
                      org.openqa.selenium.remote.RemoteWebDriver.&lt;init&gt;(RemoteWebDriver.java:131)<br />
                      org.openqa.selenium.remote.RemoteWebDriver.&lt;init&gt;(RemoteWebDriver.java:144)<br />
                      org.openqa.selenium.chrome.ChromeDriver.&lt;init&gt;(ChromeDriver.java:170)<br />
                      org.openqa.selenium.chrome.ChromeDriver.&lt;init&gt;(ChromeDriver.java:159)<br />
                      org.openqa.selenium.chrome.ChromeDriver.&lt;init&gt;(ChromeDriver.java:116)<br />
                      com.w2a.base.TestBase.setUp(TestBase.java:112)<br />
                      sun.reflect.NativeMethodAccessorImpl.invoke0(Native Method)<br />
                      sun.reflect.NativeMethodAccessorImpl.invoke(NativeMethodAccessorImpl.java:62)<br />
                      sun.reflect.DelegatingMethodAccessorImpl.invoke(DelegatingMethodAccessorImpl.java:43)<br />
                      java.lang.reflect.Method.invoke(Method.java:498)<br />
                      org.testng.internal.MethodInvocationHelper.invokeMethod(MethodInvocationHelper.java:108)<br />
                      org.testng.internal.Invoker.invokeConfigurationMethod(Invoker.java:523)<br />
                      org.testng.internal.Invoker.invokeConfigurations(Invoker.java:224)<br />
                      org.testng.internal.Invoker.invokeConfigurations(Invoker.java:146)<br />
                      org.testng.SuiteRunner.privateRun(SuiteRunner.java:326)<br />
                      org.testng.SuiteRunner.run(SuiteRunner.java:289)<br />
                      org.testng.SuiteRunnerWorker.runSuite(SuiteRunnerWorker.java:52)<br />
                      org.testng.SuiteRunnerWorker.run(SuiteRunnerWorker.java:86)<br />
                      org.testng.TestNG.runSuitesSequentially(TestNG.java:1301)<br />
                      org.testng.TestNG.runSuitesLocally(TestNG.java:1226)<br />
                      org.testng.TestNG.runSuites(TestNG.java:1144)<br />
                      org.testng.TestNG.run(TestNG.java:1115)<br />
                      org.testng.remote.AbstractRemoteTestNG.run(AbstractRemoteTestNG.java:114)<br />
                      org.testng.remote.RemoteTestNG.initAndRun(RemoteTestNG.java:251)<br />
                      org.testng.remote.RemoteTestNG.main(RemoteTestNG.java:77)<br />
                  </div>
          </div>
      </td>
</tr>
    
          <tr><td colspan="3">&nbsp;</td></tr>
      <tr><td colspan="3" class="header skippedConfig">Skipped Configuration</td></tr>
                    <tr>
          <td colspan="3" class="group">com.w2a.testcases.OpenAccountTest</td>
        </tr>
                
<tr>
  <td class="method">
                  tearDown
      </td>
  <td class="duration">
    0.000s
  </td>
  <td class="result">
                               
    
        

      </td>
</tr>
            </table>



  <table class="resultsTable" width="100%">
    <tr><th colspan="3" class="header skipped">Skipped Tests</th></tr>
          <tr>
        <td colspan="3" class="group">com.w2a.testcases.OpenAccountTest</td>
      </tr>
            
<tr>
  <td class="method">
                  openAccountTest
      </td>
  <td class="duration">
    0.000s
  </td>
  <td class="result">
                               
    
        

      </td>
</tr>
      </table>

  
</body>
</html>
